17:37:37.629 [main] INFO  - successfully opened the website
17:37:37.815 [main] INFO  - successfully clicked
17:37:37.890 [main] INFO  - switch to container
17:37:42.953 [main] INFO  - successfully clicked
17:37:44.085 [main] INFO  - successfully clicked
17:38:08.805 [main] INFO  - successfully clicked
17:38:08.868 [main] INFO  - successfully clicked
17:38:08.985 [main] INFO  - successfully Searched.....
17:38:09.018 [main] INFO  - successfully clicked
17:38:09.129 [main] INFO  - matches
17:38:09.212 [main] INFO  - shipping and delivery
17:38:10.821 [main] INFO  - Cancel order
17:38:12.075 [main] INFO  - viewMore
17:38:13.514 [main] INFO  - switch to container
17:38:13.585 [main] INFO  - matches
19:11:15.722 [main] INFO  - successfully opened the website
19:11:16.465 [main] INFO  - successfully clicked
19:11:16.507 [main] INFO  - switch to container
19:11:21.883 [main] INFO  - successfully clicked
19:14:18.136 [main] INFO  - successfully opened the website
19:14:18.912 [main] INFO  - successfully clicked
19:14:18.953 [main] INFO  - switch to container
19:14:24.295 [main] INFO  - successfully clicked
19:18:21.384 [main] INFO  - successfully opened the website
19:18:22.299 [main] INFO  - successfully clicked
19:18:22.346 [main] INFO  - switch to container
19:18:27.201 [main] INFO  - successfully clicked
19:18:28.319 [main] INFO  - successfully clicked
19:18:50.963 [main] INFO  - successfully clicked
19:18:51.026 [main] INFO  - successfully clicked
19:18:51.140 [main] INFO  - successfully Searched.....
19:18:51.171 [main] INFO  - successfully clicked
19:18:51.255 [main] INFO  - matches
19:18:51.297 [main] INFO  - shipping and delivery
19:18:52.955 [main] INFO  - Cancel order
19:18:54.117 [main] INFO  - viewMore
19:18:55.469 [main] INFO  - switch to container
19:18:55.580 [main] INFO  - matches
16:15:00.943 [main] INFO  - successfully opened the website
16:15:05.117 [main] INFO  - successfully clicked
16:15:05.158 [main] INFO  - switch to container
16:15:10.506 [main] INFO  - successfully clicked
16:15:11.620 [main] INFO  - successfully clicked
16:15:34.699 [main] INFO  - successfully clicked
16:15:34.732 [main] INFO  - successfully clicked
16:15:34.792 [main] INFO  - successfully Searched.....
16:15:34.811 [main] INFO  - successfully clicked
16:15:34.851 [main] INFO  - matches
16:15:34.869 [main] INFO  - shipping and delivery
16:15:36.502 [main] INFO  - Cancel order
